<?xml version="1.0" encoding="UTF-8"?>
<!-- Generated by org.testng.reporters.JUnitReportReporter -->
<testsuite hostname="sravs" failures="0" tests="1" name="Excelr.LaunchingURL" time="1.544" errors="0" timestamp="2023-10-04T04:00:39 IST" skipped="0">
  <testcase classname="Excelr.LaunchingURL" name="launchbrowser" time="1.544"/>
</testsuite> <!-- Excelr.LaunchingURL -->
