<?xml version="1.0" encoding="UTF-8"?>
<!-- Generated by org.testng.reporters.JUnitReportReporter -->
<testsuite hostname="sravs" failures="0" tests="1" name="Excelr.Order_byClickingProductName" time="9.444" errors="0" timestamp="2023-10-04T13:45:57 IST" skipped="0">
  <testcase classname="Excelr.Order_byClickingProductName" name="OrderByAddtoCart" time="9.444"/>
</testsuite> <!-- Excelr.Order_byClickingProductName -->
