<?xml version="1.0" encoding="UTF-8"?>
<!-- Generated by org.testng.reporters.JUnitReportReporter -->
<testsuite hostname="sravs" failures="0" tests="1" name="Excelr.Order" time="3.118" errors="0" timestamp="2023-10-03T02:10:40 IST" skipped="0">
  <testcase classname="Excelr.Order" name="OrderByAddtoCart" time="3.118"/>
</testsuite> <!-- Excelr.Order -->
