<?xml version="1.0" encoding="UTF-8"?>
<!-- Generated by org.testng.reporters.JUnitReportReporter -->
<testsuite hostname="sravs" failures="0" tests="8" name="Excelr.LoginPage" time="19.349" errors="0" timestamp="2023-10-02T02:51:32 IST" skipped="0">
  <testcase classname="Excelr.LoginPage" name="LoginTest" time="2.255"/>
  <testcase classname="Excelr.LoginPage" name="LoginTest" time="2.269"/>
  <testcase classname="Excelr.LoginPage" name="LoginTest" time="2.248"/>
  <testcase classname="Excelr.LoginPage" name="LoginTest" time="2.274"/>
  <testcase classname="Excelr.LoginPage" name="LoginTest" time="2.257"/>
  <testcase classname="Excelr.LoginPage" name="LoginTest" time="2.234"/>
  <testcase classname="Excelr.LoginPage" name="LoginTest" time="3.577"/>
  <testcase classname="Excelr.LoginPage" name="LoginTest" time="2.235"/>
</testsuite> <!-- Excelr.LoginPage -->
