<?xml version="1.0" encoding="UTF-8"?>
<!-- Generated by org.testng.reporters.JUnitReportReporter -->
<testsuite hostname="sravs" failures="0" tests="2" name="Excelr.NewTest" time="0.010" errors="0" timestamp="2023-07-16T12:29:49 IST" skipped="0">
  <testcase classname="Excelr.NewTest" name="test2" time="0.003"/>
  <testcase classname="Excelr.NewTest" name="test1" time="0.007"/>
</testsuite> <!-- Excelr.NewTest -->
